\BOOKMARK [1][-]{section.1}{\376\377\000I\000n\000t\000r\000o\000d\000u\000c\000t\000i\000o\000n}{}% 1
\BOOKMARK [2][-]{subsection.1.1}{\376\377\000H\000i\000s\000t\000o\000r\000y\000\040\000o\000f\000\040\000R\000u\000t\000h\000e\000r\000f\000o\000r\000d\000\040\000S\000c\000a\000t\000t\000e\000r\000i\000n\000g}{section.1}% 2
\BOOKMARK [2][-]{subsection.1.2}{\376\377\000T\000h\000e\000\040\000P\000h\000y\000s\000i\000c\000s\000\040\000o\000f\000\040\000R\000u\000t\000h\000e\000r\000f\000o\000r\000d\000\040\000S\000c\000a\000t\000t\000e\000r\000i\000n\000g}{section.1}% 3
\BOOKMARK [1][-]{section.2}{\376\377\000M\000o\000d\000e\000l\000\040\000O\000v\000e\000r\000v\000i\000e\000w}{}% 4
\BOOKMARK [2][-]{subsection.2.1}{\376\377\000F\000a\000c\000t\000o\000r\000s\000\040\000t\000o\000\040\000C\000o\000n\000s\000i\000d\000e\000r}{section.2}% 5
\BOOKMARK [3][-]{subsubsection.2.1.1}{\376\377\000I\000n\000c\000l\000u\000d\000e\000d\000\040\000F\000a\000c\000t\000o\000r\000s}{subsection.2.1}% 6
\BOOKMARK [3][-]{subsubsection.2.1.2}{\376\377\000E\000x\000l\000u\000d\000e\000d\000\040\000F\000a\000c\000t\000o\000r\000s}{subsection.2.1}% 7
\BOOKMARK [2][-]{subsection.2.2}{\376\377\000M\000o\000d\000e\000l\000\040\000B\000r\000e\000a\000k\000d\000o\000w\000n}{section.2}% 8
\BOOKMARK [3][-]{subsubsection.2.2.1}{\376\377\000P\000a\000r\000a\000m\000e\000t\000e\000r\000s}{subsection.2.2}% 9
\BOOKMARK [3][-]{subsubsection.2.2.2}{\376\377\000T\000h\000e\000\040\000S\000i\000m\000u\000l\000a\000t\000i\000o\000n}{subsection.2.2}% 10
\BOOKMARK [1][-]{section.3}{\376\377\000A\000l\000g\000o\000r\000i\000t\000h\000m\000\040\000D\000e\000t\000a\000i\000l\000s}{}% 11
\BOOKMARK [2][-]{subsection.3.1}{\376\377\000D\000i\000s\000t\000a\000n\000c\000e\000\040\000a\000n\000d\000\040\000F\000o\000r\000c\000e}{section.3}% 12
\BOOKMARK [3][-]{subsubsection.3.1.1}{\376\377\000N\000e\000t\000\040\000F\000o\000r\000c\000e}{subsection.3.1}% 13
\BOOKMARK [2][-]{subsection.3.2}{\376\377\000U\000p\000d\000a\000t\000e\000\040\000P\000o\000s\000i\000t\000i\000o\000n\000\040\000a\000n\000d\000\040\000V\000e\000l\000o\000c\000i\000t\000y}{section.3}% 14
\BOOKMARK [3][-]{subsubsection.3.2.1}{\376\377\000C\000a\000l\000c\000u\000l\000a\000t\000e\000\040\000T\000i\000m\000e\000s\000t\000e\000p}{subsection.3.2}% 15
\BOOKMARK [2][-]{subsection.3.3}{\376\377\000C\000a\000l\000c\000u\000l\000a\000t\000e\000\040\000A\000n\000g\000l\000e}{section.3}% 16
\BOOKMARK [2][-]{subsection.3.4}{\376\377\000L\000a\000t\000t\000i\000c\000e\000\040\000c\000r\000e\000a\000t\000i\000o\000n}{section.3}% 17
\BOOKMARK [3][-]{subsubsection.3.4.1}{\376\377\000S\000i\000n\000g\000l\000e\000\040\000N\000u\000c\000l\000e\000u\000s}{subsection.3.4}% 18
\BOOKMARK [3][-]{subsubsection.3.4.2}{\376\377\0002\000D\000\040\000\046\000\040\0003\000D\000\040\000L\000a\000t\000t\000i\000c\000e}{subsection.3.4}% 19
\BOOKMARK [2][-]{subsection.3.5}{\376\377\000H\000a\000n\000d\000l\000i\000n\000g\000\040\000P\000a\000r\000t\000i\000c\000l\000e\000s}{section.3}% 20
\BOOKMARK [3][-]{subsubsection.3.5.1}{\376\377\000P\000a\000r\000t\000i\000c\000l\000e\000\040\000C\000r\000e\000a\000t\000i\000o\000n}{subsection.3.5}% 21
\BOOKMARK [3][-]{subsubsection.3.5.2}{\376\377\000P\000a\000r\000t\000i\000c\000l\000e\000\040\000D\000e\000l\000e\000t\000i\000o\000n}{subsection.3.5}% 22
\BOOKMARK [1][-]{section.4}{\376\377\000T\000h\000e\000\040\000M\000o\000d\000e\000l}{}% 23
\BOOKMARK [2][-]{subsection.4.1}{\376\377\000T\000h\000e\000\040\000C\000o\000d\000e}{section.4}% 24
\BOOKMARK [2][-]{subsection.4.2}{\376\377\000U\000s\000a\000g\000e}{section.4}% 25
\BOOKMARK [3][-]{subsubsection.4.2.1}{\376\377\000U\000n\000i\000t\000s}{subsection.4.2}% 26
\BOOKMARK [1][-]{section.5}{\376\377\000D\000a\000t\000a\000\040\000A\000n\000a\000l\000y\000s\000i\000s}{}% 27
\BOOKMARK [2][-]{subsection.5.1}{\376\377\000S\000i\000n\000g\000l\000e\000\040\000A\000t\000o\000m}{section.5}% 28
\BOOKMARK [3][-]{subsubsection.5.1.1}{\376\377\000S\000c\000a\000t\000t\000e\000r\000i\000n\000g\000\040\000D\000i\000s\000t\000r\000i\000b\000u\000t\000i\000o\000n}{subsection.5.1}% 29
\BOOKMARK [3][-]{subsubsection.5.1.2}{\376\377\000I\000m\000p\000a\000c\000t\000\040\000P\000a\000r\000a\000m\000e\000t\000e\000r\000\040\000R\000e\000l\000a\000t\000i\000o\000n\000s\000h\000i\000p}{subsection.5.1}% 30
\BOOKMARK [3][-]{subsubsection.5.1.3}{\376\377\000T\000r\000a\000j\000e\000c\000t\000o\000r\000y}{subsection.5.1}% 31
\BOOKMARK [2][-]{subsection.5.2}{\376\377\0002\000D\000\040\000L\000a\000t\000t\000i\000c\000e}{section.5}% 32
\BOOKMARK [3][-]{subsubsection.5.2.1}{\376\377\000L\000a\000t\000t\000i\000c\000e}{subsection.5.2}% 33
\BOOKMARK [3][-]{subsubsection.5.2.2}{\376\377\000S\000c\000a\000t\000t\000e\000r\000i\000n\000g\000\040\000D\000i\000s\000t\000r\000i\000b\000u\000t\000i\000o\000n}{subsection.5.2}% 34
\BOOKMARK [3][-]{subsubsection.5.2.3}{\376\377\000E\000f\000f\000e\000c\000t\000\040\000o\000f\000\040\000M\000a\000t\000e\000r\000i\000a\000l}{subsection.5.2}% 35
\BOOKMARK [2][-]{subsection.5.3}{\376\377\0003\000D\000\040\000L\000a\000t\000t\000i\000c\000e}{section.5}% 36
\BOOKMARK [3][-]{subsubsection.5.3.1}{\376\377\000L\000a\000t\000t\000i\000c\000e\000\040\000V\000i\000s\000u\000a\000l\000i\000s\000a\000t\000i\000o\000n}{subsection.5.3}% 37
\BOOKMARK [3][-]{subsubsection.5.3.2}{\376\377\000S\000c\000a\000t\000t\000e\000r\000i\000n\000g\000\040\000D\000i\000s\000t\000r\000i\000b\000u\000t\000i\000o\000n}{subsection.5.3}% 38
\BOOKMARK [3][-]{subsubsection.5.3.3}{\376\377\000T\000h\000i\000c\000k\000n\000e\000s\000s}{subsection.5.3}% 39
\BOOKMARK [1][-]{section.6}{\376\377\000P\000r\000o\000t\000o\000n\000\040\000M\000o\000d\000e\000l\000\040\000E\000x\000t\000e\000n\000s\000i\000o\000n}{}% 40
\BOOKMARK [2][-]{subsection.6.1}{\376\377\000A\000n\000a\000l\000y\000s\000i\000s}{section.6}% 41
\BOOKMARK [3][-]{subsubsection.6.1.1}{\376\377\000D\000i\000s\000t\000r\000i\000b\000u\000t\000i\000o\000n}{subsection.6.1}% 42
\BOOKMARK [2][-]{subsection.6.2}{\376\377\000U\000p\000d\000a\000t\000i\000n\000g\000\040\000t\000h\000e\000\040\000M\000o\000d\000e\000l}{section.6}% 43
\BOOKMARK [3][-]{subsubsection.6.2.1}{\376\377\000N\000u\000c\000l\000e\000u\000s\000\040\000C\000l\000a\000s\000s}{subsection.6.2}% 44
\BOOKMARK [3][-]{subsubsection.6.2.2}{\376\377\000U\000p\000d\000a\000t\000i\000n\000g\000\040\000n\000e\000t\000F\000o\000r\000c\000e}{subsection.6.2}% 45
\BOOKMARK [3][-]{subsubsection.6.2.3}{\376\377\000R\000u\000n\000n\000i\000n\000g\000\040\000t\000h\000e\000\040\000m\000o\000d\000e\000l\000s}{subsection.6.2}% 46
\BOOKMARK [2][-]{subsection.6.3}{\376\377\000R\000e\000s\000u\000l\000t\000s}{section.6}% 47
\BOOKMARK [3][-]{subsubsection.6.3.1}{\376\377\000P\000r\000o\000t\000o\000n\000\040\000D\000i\000s\000t\000r\000i\000b\000u\000t\000i\000o\000n}{subsection.6.3}% 48
\BOOKMARK [3][-]{subsubsection.6.3.2}{\376\377\000S\000c\000a\000t\000t\000e\000r\000i\000n\000g\000\040\000D\000i\000s\000t\000r\000i\000b\000u\000t\000i\000o\000n}{subsection.6.3}% 49
\BOOKMARK [3][-]{subsubsection.6.3.3}{\376\377\000D\000i\000f\000f\000e\000r\000e\000n\000c\000e\000s\000\040\000b\000e\000t\000w\000e\000e\000n\000\040\000M\000o\000d\000e\000l\000s}{subsection.6.3}% 50
\BOOKMARK [3][-]{subsubsection.6.3.4}{\376\377\000I\000m\000p\000a\000c\000t\000\040\000P\000a\000r\000a\000m\000e\000t\000e\000r\000\040\000R\000e\000l\000a\000t\000i\000o\000n\000s\000h\000i\000p}{subsection.6.3}% 51
\BOOKMARK [1][-]{section.7}{\376\377\000C\000o\000n\000c\000l\000u\000s\000i\000o\000n}{}% 52
\BOOKMARK [2][-]{subsection.7.1}{\376\377\000L\000i\000m\000i\000t\000a\000t\000i\000o\000n\000s}{section.7}% 53
\BOOKMARK [2][-]{subsection.7.2}{\376\377\000F\000u\000r\000t\000h\000e\000r\000\040\000E\000x\000t\000e\000n\000s\000i\000o\000n\000s}{section.7}% 54
